TN:
SF:/Users/abdelrahman/Desktop/Engineering/TUD/TUD 2nd/Systems Lab/Systems/tpch-kit/dbgen/bcd2.c
FNL:0,115,134
FNA:0,0,bcd2_sub
FNL:1,138,169
FNA:1,0,bcd2_mul
FNL:2,173,190
FNA:2,0,bcd2_div
FNL:3,194,202
FNA:3,0,bcd2_mod
FNL:4,206,215
FNA:4,0,bcd2_cmp
FNL:5,57,72
FNA:5,0,bin_bcd2
FNL:6,76,91
FNA:6,0,bcd2_bin
FNL:7,95,111
FNA:7,0,bcd2_add
FNF:8
FNH:0
DA:57,0
DA:64,0
DA:65,0
DA:66,0
DA:68,0
DA:69,0
DA:70,0
DA:71,0
DA:72,0
DA:76,0
DA:81,0
DA:82,0
DA:83,0
DA:84,0
DA:86,0
DA:87,0
DA:88,0
DA:89,0
DA:91,0
DA:95,0
DA:100,0
DA:101,0
DA:102,0
DA:104,0
DA:105,0
DA:106,0
DA:107,0
DA:108,0
DA:109,0
DA:110,0
DA:111,0
DA:115,0
DA:120,0
DA:121,0
DA:122,0
DA:124,0
DA:125,0
DA:126,0
DA:127,0
DA:129,0
DA:130,0
DA:131,0
DA:132,0
DA:133,0
DA:134,0
DA:138,0
DA:143,0
DA:144,0
DA:145,0
DA:146,0
DA:147,0
DA:148,0
DA:149,0
DA:151,0
DA:152,0
DA:153,0
DA:155,0
DA:156,0
DA:157,0
DA:158,0
DA:160,0
DA:161,0
DA:162,0
DA:163,0
DA:164,0
DA:165,0
DA:166,0
DA:167,0
DA:168,0
DA:169,0
DA:173,0
DA:178,0
DA:179,0
DA:180,0
DA:181,0
DA:182,0
DA:184,0
DA:185,0
DA:186,0
DA:187,0
DA:188,0
DA:189,0
DA:190,0
DA:194,0
DA:198,0
DA:199,0
DA:200,0
DA:201,0
DA:202,0
DA:206,0
DA:208,0
DA:210,0
DA:211,0
DA:212,0
DA:213,0
DA:214,0
DA:215,0
LF:97
LH:0
end_of_record
TN:
SF:/Users/abdelrahman/Desktop/Engineering/TUD/TUD 2nd/Systems Lab/Systems/tpch-kit/dbgen/bm_utils.c
FNL:0,127,135
FNA:0,11484,env_config
FNL:1,141,169
FNA:1,0,yes_no
FNL:2,177,192
FNA:2,0,a_rnd
FNL:3,201,213
FNA:3,0,e_str
FNL:4,223,232
FNA:4,44,pick_str
FNL:5,239,248
FNA:5,0,unjulian
FNL:6,252,283
FNA:6,2025144,julian
FNL:7,291,372
FNA:7,5544,read_dist
FNL:8,379,419
FNA:8,0,tbl_open
FNL:9,428,444
FNA:9,0,agg_str
FNL:10,449,457
FNA:10,158796,dssncasecmp
FNL:11,460,466
FNA:11,1271160,dsscasecmp
FNL:12,533,547
FNA:12,396,mk_ascdate
FNL:13,558,586
FNA:13,0,set_state
FNF:14
FNH:7
DA:127,11484
DA:131,11484
DA:132,0
DA:134,11484
DA:135,11484
DA:141,0
DA:150,0
DA:155,0
DA:156,0
DA:157,0
DA:161,0
DA:164,0
DA:166,0
DA:167,0
DA:169,0
DA:177,0
DA:183,0
DA:184,0
DA:186,0
DA:187,0
DA:188,0
DA:189,0
DA:190,0
DA:191,0
DA:192,0
DA:201,0
DA:207,0
DA:208,0
DA:209,0
DA:210,0
DA:211,0
DA:213,0
DA:223,44
DA:225,44
DA:228,44
DA:229,962
DA:230,918
DA:231,44
DA:232,44
DA:239,0
DA:242,0
DA:244,0
DA:245,0
DA:246,0
DA:248,0
DA:252,2025144
DA:259,2025144
DA:260,2025144
DA:267,2025144
DA:272,8098992
DA:273,8098992
DA:274,8098992
DA:276,6073848
DA:277,6073848
DA:278,6073848
DA:281,2025144
DA:283,2025144
DA:291,5544
DA:298,5544
DA:299,5544
DA:301,5544
DA:303,5544
DA:305,5544
DA:306,5544
DA:307,5544
DA:310,0
DA:311,0
DA:313,1744776
DA:315,1744776
DA:316,1744776
DA:317,1744776
DA:318,522324
DA:319,1744776
DA:320,522324
DA:322,1222452
DA:324,1063656
DA:325,1009404
DA:326,54252
DA:327,48708
DA:328,5544
DA:329,5544
DA:333,158796
DA:335,5544
DA:336,5544
DA:340,153252
DA:341,0
DA:343,153252
DA:345,5544
DA:346,5544
DA:348,5544
DA:349,5544
DA:350,5544
DA:351,5544
DA:353,147708
DA:354,147708
DA:355,147708
DA:356,147708
DA:357,147708
DA:358,147708
DA:360,147708
DA:363,0
DA:365,0
DA:366,0
DA:367,0
DA:369,0
DA:370,0
DA:371,0
DA:372,5544
DA:379,0
DA:388,0
DA:389,0
DA:391,0
DA:394,0
DA:395,0
DA:396,0
DA:397,0
DA:398,0
DA:400,0
DA:401,0
DA:403,0
DA:404,0
DA:405,0
DA:406,0
DA:407,0
DA:408,0
DA:410,0
DA:411,0
DA:412,0
DA:413,0
DA:415,0
DA:417,0
DA:419,0
DA:428,0
DA:433,0
DA:434,0
DA:436,0
DA:437,0
DA:439,0
DA:440,0
DA:441,0
DA:442,0
DA:444,0
DA:449,158796
DA:451,187704
DA:452,211068
DA:453,153252
DA:454,28908
DA:455,0
DA:456,5544
DA:457,158796
DA:460,1271160
DA:462,1659240
DA:463,453420
DA:464,65340
DA:465,1205820
DA:466,1271160
DA:533,396
DA:539,396
DA:540,396
DA:541,1012968
DA:543,1012572
DA:544,1012572
DA:545,1012572
DA:547,396
DA:558,0
DA:563,0
DA:564,0
DA:566,0
DA:567,0
DA:568,0
DA:569,0
DA:570,0
DA:571,0
DA:573,0
DA:574,0
DA:576,0
DA:579,0
DA:580,0
DA:581,0
DA:582,0
DA:583,0
DA:585,0
DA:586,0
LF:183
LH:85
end_of_record
TN:
SF:/Users/abdelrahman/Desktop/Engineering/TUD/TUD 2nd/Systems Lab/Systems/tpch-kit/dbgen/build.c
FNL:0,101,124
FNA:0,0,mk_cust
FNL:1,132,145
FNA:1,0,mk_sparse
FNL:2,149,268
FNA:2,0,mk_order
FNL:3,272,310
FNA:3,0,mk_part
FNL:4,314,356
FNA:4,0,mk_supp
FNL:5,409,427
FNA:5,1012572,mk_time
FNL:6,431,438
FNA:6,0,mk_nation
FNL:7,442,450
FNA:7,0,mk_region
FNL:8,69,77
FNA:8,0,rpb_routine
FNL:9,81,95
FNA:9,0,gen_phone
FNF:10
FNH:1
DA:69,0
DA:73,0
DA:74,0
DA:75,0
DA:77,0
DA:81,0
DA:85,0
DA:86,0
DA:87,0
DA:89,0
DA:90,0
DA:91,0
DA:92,0
DA:93,0
DA:95,0
DA:101,0
DA:107,0
DA:109,0
DA:110,0
DA:111,0
DA:112,0
DA:113,0
DA:114,0
DA:115,0
DA:116,0
DA:117,0
DA:118,0
DA:119,0
DA:120,0
DA:121,0
DA:122,0
DA:124,0
DA:132,0
DA:136,0
DA:137,0
DA:138,0
DA:139,0
DA:140,0
DA:141,0
DA:142,0
DA:145,0
DA:149,0
DA:163,0
DA:167,0
DA:169,0
DA:170,0
DA:171,0
DA:172,0
DA:173,0
DA:174,0
DA:175,0
DA:176,0
DA:177,0
DA:179,0
DA:180,0
DA:182,0
DA:183,0
DA:184,0
DA:188,0
DA:189,0
DA:191,0
DA:192,0
DA:193,0
DA:194,0
DA:195,0
DA:200,0
DA:202,0
DA:203,0
DA:204,0
DA:206,0
DA:207,0
DA:209,0
DA:210,0
DA:211,0
DA:212,0
DA:213,0
DA:214,0
DA:215,0
DA:216,0
DA:217,0
DA:218,0
DA:219,0
DA:221,0
DA:222,0
DA:223,0
DA:224,0
DA:225,0
DA:227,0
DA:228,0
DA:229,0
DA:230,0
DA:231,0
DA:233,0
DA:234,0
DA:235,0
DA:236,0
DA:237,0
DA:238,0
DA:241,0
DA:242,0
DA:243,0
DA:246,0
DA:248,0
DA:249,0
DA:250,0
DA:252,0
DA:254,0
DA:256,0
DA:257,0
DA:258,0
DA:260,0
DA:261,0
DA:263,0
DA:264,0
DA:265,0
DA:266,0
DA:268,0
DA:272,0
DA:281,0
DA:283,0
DA:284,0
DA:285,0
DA:286,0
DA:287,0
DA:288,0
DA:289,0
DA:290,0
DA:291,0
DA:292,0
DA:293,0
DA:294,0
DA:295,0
DA:296,0
DA:297,0
DA:298,0
DA:299,0
DA:301,0
DA:303,0
DA:304,0
DA:305,0
DA:306,0
DA:307,0
DA:308,0
DA:309,0
DA:310,0
DA:314,0
DA:320,0
DA:322,0
DA:323,0
DA:324,0
DA:325,0
DA:326,0
DA:327,0
DA:328,0
DA:329,0
DA:330,0
DA:331,0
DA:332,0
DA:334,0
DA:335,0
DA:340,0
DA:341,0
DA:342,0
DA:343,0
DA:345,0
DA:347,0
DA:348,0
DA:349,0
DA:350,0
DA:353,0
DA:355,0
DA:356,0
DA:409,1012572
DA:411,1012572
DA:415,1012572
DA:416,1012572
DA:417,1012572
DA:418,7617060
DA:419,6604488
DA:420,1012572
DA:422,1012572
DA:423,1012572
DA:424,1012572
DA:425,1012572
DA:427,1012572
DA:431,0
DA:433,0
DA:434,0
DA:435,0
DA:436,0
DA:437,0
DA:438,0
DA:442,0
DA:445,0
DA:446,0
DA:447,0
DA:448,0
DA:449,0
DA:450,0
LF:199
LH:13
end_of_record
TN:
SF:/Users/abdelrahman/Desktop/Engineering/TUD/TUD 2nd/Systems Lab/Systems/tpch-kit/dbgen/permute.c
FNL:0,115,134
FNA:0,0,permute_dist
FNL:1,95,112
FNA:1,4,permute
FNF:2
FNH:1
DA:95,4
DA:101,4
DA:103,154
DA:105,150
DA:106,150
DA:107,150
DA:108,150
DA:109,150
DA:110,4
DA:112,4
DA:115,0
DA:120,0
DA:122,0
DA:124,0
DA:125,0
DA:126,0
DA:127,0
DA:128,0
DA:129,0
DA:130,0
DA:132,0
DA:134,0
LF:22
LH:10
end_of_record
TN:
SF:/Users/abdelrahman/Desktop/Engineering/TUD/TUD 2nd/Systems Lab/Systems/tpch-kit/dbgen/qgen.c
FNL:0,148,262
FNA:0,396,qsub
FNL:1,266,290
FNA:1,0,usage
FNL:2,293,379
FNA:2,396,process_options
FNL:3,383,404
FNA:3,396,setup
FNL:4,408,487
FNA:4,740,main
FNL:5,82,124
FNA:5,1818,strip_comments
FNF:6
FNH:5
DA:82,1818
DA:87,1818
DA:89,1818
DA:91,1818
DA:93,0
DA:95,0
DA:96,0
DA:97,0
DA:101,0
DA:102,0
DA:107,1818
DA:109,299
DA:111,208
DA:112,208
DA:114,91
DA:115,1610
DA:117,0
DA:118,0
DA:119,0
DA:121,1610
DA:124,1818
DA:148,396
DA:155,396
DA:157,396
DA:158,396
DA:160,396
DA:161,396
DA:162,396
DA:163,396
DA:164,396
DA:166,396
DA:167,396
DA:169,396
DA:170,396
DA:172,52
DA:173,52
DA:174,52
DA:175,0
DA:176,1870
DA:178,1818
DA:179,1818
DA:180,1818
DA:181,2169
DA:183,351
DA:184,351
DA:185,351
DA:186,351
DA:190,0
DA:191,0
DA:192,0
DA:193,0
DA:196,0
DA:197,0
DA:198,0
DA:199,0
DA:202,0
DA:203,0
DA:204,0
DA:205,0
DA:208,52
DA:210,52
DA:211,135
DA:212,52
DA:213,52
DA:214,52
DA:217,52
DA:218,0
DA:219,0
DA:220,52
DA:221,52
DA:224,0
DA:225,0
DA:226,0
DA:229,8
DA:230,8
DA:231,8
DA:234,52
DA:235,0
DA:236,52
DA:237,52
DA:247,187
DA:248,189
DA:249,187
DA:251,0
DA:252,0
DA:253,0
DA:254,0
DA:256,299
DA:258,1818
DA:260,52
DA:261,52
DA:262,52
DA:266,0
DA:268,0
DA:271,0
DA:272,0
DA:273,0
DA:274,0
DA:275,0
DA:276,0
DA:277,0
DA:278,0
DA:279,0
DA:280,0
DA:281,0
DA:282,0
DA:283,0
DA:284,0
DA:285,0
DA:286,0
DA:287,0
DA:288,0
DA:289,0
DA:290,0
DA:293,396
DA:297,396
DA:298,0
DA:301,0
DA:302,0
DA:304,0
DA:305,0
DA:306,0
DA:307,0
DA:309,0
DA:310,0
DA:312,0
DA:313,0
DA:315,0
DA:316,0
DA:319,0
DA:320,0
DA:321,0
DA:322,0
DA:323,0
DA:325,0
DA:326,0
DA:327,0
DA:328,0
DA:329,0
DA:331,0
DA:332,0
DA:334,0
DA:335,0
DA:336,0
DA:337,0
DA:338,0
DA:340,0
DA:341,0
DA:342,0
DA:343,0
DA:344,0
DA:346,0
DA:347,0
DA:349,0
DA:350,0
DA:351,0
DA:353,0
DA:354,0
DA:355,0
DA:360,0
DA:362,0
DA:363,0
DA:364,0
DA:365,0
DA:366,0
DA:368,0
DA:369,0
DA:371,0
DA:372,0
DA:374,0
DA:375,0
DA:376,0
DA:379,396
DA:383,396
DA:385,396
DA:386,396
DA:387,396
DA:388,396
DA:389,396
DA:390,396
DA:391,396
DA:392,396
DA:394,396
DA:396,396
DA:397,396
DA:399,396
DA:400,396
DA:401,396
DA:402,396
DA:404,396
DA:408,740
DA:414,740
DA:415,740
DA:416,740
DA:417,740
DA:418,740
DA:419,740
DA:420,0
DA:424,740
DA:426,740
DA:428,740
DA:429,396
DA:430,740
DA:431,0
DA:432,52
DA:433,8764
DA:435,8712
DA:436,8712
DA:437,8712
DA:438,52
DA:439,52
DA:441,0
DA:443,52
DA:445,0
DA:446,0
DA:447,0
DA:448,0
DA:449,0
DA:451,52
DA:452,0
DA:453,0
DA:456,0
DA:457,0
DA:458,0
DA:460,0
DA:463,0
DA:464,0
DA:465,0
DA:467,52
DA:468,104
DA:469,104
DA:471,0
DA:474,0
DA:475,0
DA:476,0
DA:478,52
DA:480,0
DA:481,0
DA:482,0
DA:483,0
DA:484,0
DA:485,0
DA:487,52
LF:243
LH:106
end_of_record
TN:
SF:/Users/abdelrahman/Desktop/Engineering/TUD/TUD 2nd/Systems Lab/Systems/tpch-kit/dbgen/rnd.c
FNL:0,108,114
FNA:0,0,row_start
FNL:1,118,145
FNA:1,0,row_stop
FNL:2,149,160
FNA:2,0,dump_seeds
FNL:3,173,183
FNA:3,8969,NextRand
FNL:4,196,230
FNA:4,257,UnifInt
FNL:5,99,104
FNA:5,197,dss_random
FNF:6
FNH:3
DA:99,197
DA:101,197
DA:102,197
DA:104,197
DA:108,0
DA:111,0
DA:112,0
DA:114,0
DA:118,0
DA:123,0
DA:124,0
DA:125,0
DA:126,0
DA:128,0
DA:129,0
DA:131,0
DA:133,0
DA:134,0
DA:135,0
DA:136,0
DA:139,0
DA:141,0
DA:144,0
DA:145,0
DA:149,0
DA:153,0
DA:154,0
DA:156,0
DA:160,0
DA:173,8969
DA:182,8969
DA:183,8969
DA:196,257
DA:208,257
DA:209,257
DA:211,257
DA:212,0
DA:214,257
DA:216,0
DA:217,0
DA:218,0
DA:221,257
DA:222,257
DA:225,257
DA:227,257
DA:229,257
DA:230,257
LF:47
LH:18
end_of_record
TN:
SF:/Users/abdelrahman/Desktop/Engineering/TUD/TUD 2nd/Systems Lab/Systems/tpch-kit/dbgen/rng64.c
FNL:0,103,140
FNA:0,0,AdvanceRand64
FNL:1,65,90
FNA:1,0,dss_random64
FNL:2,94,100
FNA:2,0,NextRand64
FNF:3
FNH:0
DA:65,0
DA:69,0
DA:70,0
DA:72,0
DA:74,0
DA:75,0
DA:76,0
DA:77,0
DA:79,0
DA:80,0
DA:81,0
DA:82,0
DA:83,0
DA:84,0
DA:85,0
DA:87,0
DA:90,0
DA:94,0
DA:96,0
DA:97,0
DA:98,0
DA:100,0
DA:103,0
DA:105,0
DA:106,0
DA:108,0
DA:111,0
DA:127,0
DA:130,0
DA:131,0
DA:132,0
DA:133,0
DA:134,0
DA:135,0
DA:136,0
DA:138,0
DA:139,0
DA:140,0
LF:38
LH:0
end_of_record
TN:
SF:/Users/abdelrahman/Desktop/Engineering/TUD/TUD 2nd/Systems Lab/Systems/tpch-kit/dbgen/speed_seed.c
FNL:0,112,135
FNA:0,0,NthElement
FNL:1,141,155
FNA:1,0,fake_a_rnd
FNL:2,160,170
FNA:2,0,sd_part
FNL:3,174,197
FNA:3,0,sd_line
FNL:4,201,216
FNA:4,0,sd_order
FNL:5,220,231
FNA:5,0,sd_psupp
FNL:6,235,244
FNA:6,0,sd_cust
FNL:7,248,260
FNA:7,0,sd_supp
FNL:8,71,82
FNA:8,0,advanceStream
FNF:9
FNH:0
DA:71,0
DA:73,0
DA:74,0
DA:76,0
DA:79,0
DA:82,0
DA:112,0
DA:119,0
DA:121,0
DA:122,0
DA:123,0
DA:124,0
DA:125,0
DA:126,0
DA:128,0
DA:129,0
DA:130,0
DA:131,0
DA:133,0
DA:135,0
DA:141,0
DA:146,0
DA:147,0
DA:148,0
DA:150,0
DA:151,0
DA:153,0
DA:155,0
DA:160,0
DA:164,0
DA:165,0
DA:167,0
DA:168,0
DA:170,0
DA:174,0
DA:178,0
DA:180,0
DA:186,0
DA:187,0
DA:188,0
DA:191,0
DA:193,0
DA:194,0
DA:195,0
DA:197,0
DA:201,0
DA:203,0
DA:209,0
DA:210,0
DA:211,0
DA:212,0
DA:213,0
DA:214,0
DA:216,0
DA:220,0
DA:224,0
DA:226,0
DA:227,0
DA:228,0
DA:229,0
DA:231,0
DA:235,0
DA:238,0
DA:239,0
DA:240,0
DA:241,0
DA:242,0
DA:243,0
DA:244,0
DA:248,0
DA:250,0
DA:251,0
DA:252,0
DA:253,0
DA:254,0
DA:255,0
DA:256,0
DA:257,0
DA:258,0
DA:260,0
LF:80
LH:0
end_of_record
TN:
SF:/Users/abdelrahman/Desktop/Engineering/TUD/TUD 2nd/Systems Lab/Systems/tpch-kit/dbgen/test_queries.c
FNL:0,12,40
FNA:0,25803358736,run_query
FNL:1,43,49
FNA:1,36,run_all_queries
FNL:2,52,58
FNA:2,0,run_specific_queries
FNL:3,60,86
FNA:3,36,main
FNF:4
FNH:3
DA:12,25803358736
DA:21,25803358736
DA:23,25803358736
DA:26,25803358736
DA:27,25803358736
DA:29,8683035378304680466
DA:31,6979569672
DA:32,6156593820747169796
DA:33,25803358736
DA:35,25803358736
DA:36,25803358736
DA:37,2.95927655564229e+19
DA:38,2.95927655564229e+19
DA:39,13959138552
DA:40,528
DA:43,36
DA:44,36
DA:45,828
DA:46,792
DA:47,792
DA:48,792
DA:49,36
DA:52,0
DA:53,0
DA:54,0
DA:55,0
DA:56,0
DA:57,0
DA:58,0
DA:60,36
DA:62,36
DA:63,0
DA:64,0
DA:67,36
DA:69,0
DA:70,0
DA:71,0
DA:72,0
DA:73,0
DA:74,0
DA:75,0
DA:77,0
DA:78,0
DA:79,0
DA:80,0
DA:82,36
DA:85,36
DA:86,36
LF:48
LH:28
end_of_record
TN:
SF:/Users/abdelrahman/Desktop/Engineering/TUD/TUD 2nd/Systems Lab/Systems/tpch-kit/dbgen/text.c
FNL:0,107,150
FNA:0,0,txt_vp
FNL:1,166,212
FNA:1,0,txt_np
FNL:2,228,277
FNA:2,0,txt_sentence
FNL:3,286,343
FNA:3,0,dbg_text
FNF:4
FNH:0
DA:107,0
DA:114,0
DA:117,0
DA:118,0
DA:119,0
DA:121,0
DA:122,0
DA:125,0
DA:126,0
DA:128,0
DA:129,0
DA:131,0
DA:132,0
DA:134,0
DA:135,0
DA:136,0
DA:137,0
DA:138,0
DA:140,0
DA:141,0
DA:142,0
DA:143,0
DA:144,0
DA:145,0
DA:146,0
DA:147,0
DA:150,0
DA:166,0
DA:173,0
DA:176,0
DA:177,0
DA:178,0
DA:180,0
DA:181,0
DA:184,0
DA:185,0
DA:187,0
DA:188,0
DA:190,0
DA:191,0
DA:193,0
DA:194,0
DA:196,0
DA:197,0
DA:198,0
DA:199,0
DA:200,0
DA:202,0
DA:203,0
DA:204,0
DA:205,0
DA:206,0
DA:207,0
DA:208,0
DA:209,0
DA:212,0
DA:228,0
DA:233,0
DA:234,0
DA:237,0
DA:238,0
DA:241,0
DA:242,0
DA:243,0
DA:244,0
DA:245,0
DA:248,0
DA:249,0
DA:251,0
DA:252,0
DA:254,0
DA:255,0
DA:256,0
DA:257,0
DA:258,0
DA:259,0
DA:261,0
DA:262,0
DA:263,0
DA:265,0
DA:266,0
DA:267,0
DA:268,0
DA:270,0
DA:271,0
DA:272,0
DA:273,0
DA:274,0
DA:276,0
DA:277,0
DA:286,0
DA:288,0
DA:290,0
DA:297,0
DA:299,0
DA:301,0
DA:302,0
DA:303,0
DA:305,0
DA:307,0
DA:309,0
DA:310,0
DA:311,0
DA:313,0
DA:314,0
DA:315,0
DA:316,0
DA:317,0
DA:319,0
DA:320,0
DA:321,0
DA:322,0
DA:323,0
DA:326,0
DA:327,0
DA:328,0
DA:329,0
DA:332,0
DA:333,0
DA:334,0
DA:335,0
DA:336,0
DA:338,0
DA:339,0
DA:340,0
DA:341,0
DA:343,0
LF:127
LH:0
end_of_record
TN:
SF:/Users/abdelrahman/Desktop/Engineering/TUD/TUD 2nd/Systems Lab/Systems/tpch-kit/dbgen/varsub.c
FNL:0,114,363
FNA:0,239,varsub
FNF:1
FNH:1
DA:114,239
DA:122,239
DA:125,239
DA:127,52
DA:128,52
DA:129,52
DA:130,52
DA:131,52
DA:132,52
DA:133,52
DA:134,52
DA:135,52
DA:136,52
DA:137,52
DA:138,52
DA:139,52
DA:140,52
DA:142,239
DA:144,52
DA:146,52
DA:149,4
DA:150,4
DA:151,4
DA:153,3
DA:155,3
DA:156,3
DA:157,19
DA:158,3
DA:159,3
DA:160,3
DA:161,3
DA:163,3
DA:169,3
DA:170,3
DA:171,3
DA:172,3
DA:174,3
DA:175,3
DA:177,3
DA:178,3
DA:180,3
DA:181,3
DA:182,3
DA:183,3
DA:184,3
DA:186,3
DA:187,3
DA:188,3
DA:190,3
DA:191,3
DA:192,3
DA:194,3
DA:195,3
DA:196,3
DA:197,3
DA:199,2
DA:200,2
DA:201,2
DA:202,2
DA:203,2
DA:204,2
DA:206,2
DA:207,2
DA:208,2
DA:210,2
DA:211,2
DA:213,2
DA:214,2
DA:216,2
DA:217,2
DA:218,2
DA:219,2
DA:221,2
DA:222,2
DA:223,2
DA:224,2
DA:225,2
DA:226,2
DA:228,2
DA:229,2
DA:230,2
DA:231,2
DA:233,2
DA:234,2
DA:236,2
DA:237,2
DA:239,2
DA:240,2
DA:242,2
DA:243,2
DA:245,2
DA:246,2
DA:247,2
DA:248,2
DA:249,2
DA:250,14
DA:251,2
DA:252,2
DA:253,2
DA:254,18
DA:255,16
DA:256,2
DA:258,2
DA:259,2
DA:260,2
DA:261,2
DA:262,2
DA:263,2
DA:265,2
DA:266,2
DA:267,2
DA:269,2
DA:270,2
DA:271,2
DA:272,2
DA:273,2
DA:274,2
DA:275,2
DA:276,2
DA:277,2
DA:278,2
DA:279,2
DA:280,2
DA:281,2
DA:282,2
DA:284,2
DA:285,2
DA:286,2
DA:287,2
DA:288,2
DA:289,2
DA:291,2
DA:292,2
DA:293,2
DA:295,2
DA:296,2
DA:297,18
DA:298,16
DA:299,2
DA:300,2
DA:303,0
DA:305,0
DA:307,0
DA:308,0
DA:310,52
DA:312,52
DA:314,0
DA:316,0
DA:317,0
DA:318,0
DA:319,0
DA:320,0
DA:321,0
DA:323,0
DA:324,0
DA:326,0
DA:327,0
DA:330,0
DA:331,0
DA:333,0
DA:335,0
DA:336,0
DA:337,52
DA:340,187
DA:343,0
DA:344,0
DA:346,0
DA:347,0
DA:349,0
DA:351,0
DA:352,0
DA:355,187
DA:356,187
DA:358,0
DA:359,0
DA:362,239
DA:363,239
LF:177
LH:148
end_of_record
