TN:
SF:/Users/abdelrahman/Desktop/Engineering/TUD/TUD 2nd/Systems Lab/Systems/tpch-kit/dbgen/test_queries.c
FNL:0,12,40
FNA:0,12901679368,run_query
FNL:1,43,49
FNA:1,18,run_all_queries
FNL:2,52,58
FNA:2,0,run_specific_queries
FNL:3,60,86
FNA:3,18,main
FNF:4
FNH:3
DA:12,12901679368
DA:21,12901679368
DA:23,12901679368
DA:26,12901679368
DA:27,12901679368
DA:29,4341517689152340233
DA:31,3489784836
DA:32,3078296910373584898
DA:33,12901679368
DA:35,12901679368
DA:36,12901679368
DA:37,14796382778211434763
DA:38,14796382778211434763
DA:39,6979569276
DA:40,264
DA:43,18
DA:44,18
DA:45,414
DA:46,396
DA:47,396
DA:48,396
DA:49,18
DA:52,0
DA:53,0
DA:54,0
DA:55,0
DA:56,0
DA:57,0
DA:58,0
DA:60,18
DA:62,18
DA:63,0
DA:64,0
DA:67,18
DA:69,0
DA:70,0
DA:71,0
DA:72,0
DA:73,0
DA:74,0
DA:75,0
DA:77,0
DA:78,0
DA:79,0
DA:80,0
DA:82,18
DA:85,18
DA:86,18
LF:48
LH:28
end_of_record
